2026-05-02 22:47:40,173 | INFO | ============================================================
2026-05-02 22:47:40,174 | INFO | CDC BRFSS DIABETES ANALYSIS
2026-05-02 22:47:40,174 | INFO | ============================================================
2026-05-02 22:47:40,174 | INFO | 
Step 1 — Loading dataset...
2026-05-02 22:47:40,335 | INFO |   Downloaded from: https://raw.githubusercontent.com/jbrownlee/Datasets/master/pima-indians-diabetes.csv — (767, 9)
2026-05-02 22:47:40,342 | INFO |   Clinical cols detected: ['6', '148', '72', '35', '0', '33.6', '0.627']
2026-05-02 22:47:40,342 | INFO |   Target   : 1 (binary 0/1 — classification)
2026-05-02 22:47:40,342 | INFO |   Shape    : (767, 9)
2026-05-02 22:47:40,343 | INFO |   Prevalence: 34.8% diabetic
2026-05-02 22:47:40,343 | INFO | 
Step 2 — Statistical summary...
2026-05-02 22:47:40,346 | INFO |   ✅ Statistical summary saved
2026-05-02 22:47:40,352 | INFO |   ✅ Outlier detection saved — top: {'72': 45, '0': 34, '0.627': 29}
2026-05-02 22:47:40,352 | INFO | 
Step 3 — Correlation heatmap...
2026-05-02 22:47:40,704 | INFO |   ✅ Correlation heatmap saved
2026-05-02 22:47:40,704 | INFO | 
Step 4 — Scatter plots...
2026-05-02 22:47:44,185 | INFO |   ✅ Scatter plots saved
2026-05-02 22:47:44,185 | INFO | 
Step 5 — Age / sex distributions...
2026-05-02 22:47:44,185 | INFO |   ✅ Age + sex distributions saved
2026-05-02 22:47:44,185 | INFO | 
Step 6 — Pairplot...
2026-05-02 22:47:44,910 | INFO |   ✅ Pairplot saved
2026-05-02 22:47:44,910 | INFO | 
Step 7 — Feature importance...
2026-05-02 22:47:45,010 | INFO |   ✅ Feature importance saved — top 3: ['148', '33.6', '50']
2026-05-02 22:47:45,010 | INFO | 
Step 8 — Train/test split...
2026-05-02 22:47:45,012 | INFO |   Train: (613, 8) | Test: (154, 8)
2026-05-02 22:47:45,012 | INFO |   Class balance — Train diabetic: 34.7% | Test: 35.1%
2026-05-02 22:47:45,012 | INFO | 
Step 9 — Training 6 classification algorithms...
2026-05-02 22:47:45,012 | INFO |   Training Logistic Regression...
2026-05-02 22:47:46,048 | INFO |     Acc=0.6948 | AUC=0.8011 | F1=0.5053 | CV_AUC=0.8364
2026-05-02 22:47:46,048 | INFO |   Training Random Forest...
2026-05-02 22:47:47,039 | INFO |     Acc=0.7143 | AUC=0.7836 | F1=0.5510 | CV_AUC=0.8333
2026-05-02 22:47:47,039 | INFO |   Training XGBoost (GradBoost)...
2026-05-02 22:47:48,172 | INFO |     Acc=0.6883 | AUC=0.7883 | F1=0.5472 | CV_AUC=0.8070
2026-05-02 22:47:48,172 | INFO |   Training Decision Tree...
2026-05-02 22:47:48,876 | INFO |     Acc=0.7468 | AUC=0.7906 | F1=0.6061 | CV_AUC=0.7154
2026-05-02 22:47:48,876 | INFO |   Training KNN...
2026-05-02 22:47:48,953 | INFO |     Acc=0.7078 | AUC=0.7656 | F1=0.5361 | CV_AUC=0.8116
2026-05-02 22:47:48,953 | INFO |   Training SVM...
2026-05-02 22:47:49,001 | INFO |     Acc=0.7078 | AUC=0.7650 | F1=0.5545 | CV_AUC=0.8340
2026-05-02 22:47:49,004 | INFO | 
  Model Comparison:
                     Accuracy     AUC      F1  Precision  Recall  CV_AUC
Logistic Regression    0.6948  0.8011  0.5053     0.5854  0.4444  0.8364
Random Forest          0.7143  0.7836  0.5510     0.6136  0.5000  0.8333
XGBoost (GradBoost)    0.6883  0.7883  0.5472     0.5577  0.5370  0.8070
Decision Tree          0.7468  0.7906  0.6061     0.6667  0.5556  0.7154
KNN                    0.7078  0.7656  0.5361     0.6047  0.4815  0.8116
SVM                    0.7078  0.7650  0.5545     0.5957  0.5185  0.8340
2026-05-02 22:47:49,004 | INFO | 
Step 10 — ROC curves...
2026-05-02 22:47:49,074 | INFO |   ✅ ROC curves (all 6 models) saved
2026-05-02 22:47:49,074 | INFO | 
Step 11 — Algorithm comparison chart...
2026-05-02 22:47:49,255 | INFO |   ✅ Algorithm comparison chart saved (PNG + HTML)
2026-05-02 22:47:49,255 | INFO | 
Step 12 — Confusion matrix...
2026-05-02 22:47:49,305 | INFO |   ✅ Confusion matrix saved — Best model: Logistic Regression
2026-05-02 22:47:49,305 | INFO | 
Step 13 — Population health dashboard...
